#
# There is insufficient memory for the Java Runtime Environment to continue.
# Native memory allocation (malloc) failed to allocate 1409136 bytes for Chunk::new
# Possible reasons:
#   The system is out of physical RAM or swap space
#   The process is running with CompressedOops enabled, and the Java Heap may be blocking the growth of the native heap
# Possible solutions:
#   Reduce memory load on the system
#   Increase physical memory or swap space
#   Check if swap backing store is full
#   Decrease Java heap size (-Xmx/-Xms)
#   Decrease number of Java threads
#   Decrease Java thread stack sizes (-Xss)
#   Set larger code cache with -XX:ReservedCodeCacheSize=
#   JVM is running with Unscaled Compressed Oops mode in which the Java heap is
#     placed in the first 4GB address space. The Java Heap base address is the
#     maximum limit for the native heap growth. Please use -XX:HeapBaseMinAddress
#     to set the Java Heap base and to place the Java Heap above 4GB virtual address.
# This output file may be truncated or incomplete.
#
#  Out of Memory Error (./open/src/hotspot/share/memory/arena.cpp:197), pid=24348, tid=26548
#
# JRE version: Java(TM) SE Runtime Environment 18.9 (11.0.12+8) (build 11.0.12+8-LTS-237)
# Java VM: Java HotSpot(TM) 64-Bit Server VM 18.9 (11.0.12+8-LTS-237, mixed mode, tiered, compressed oops, g1 gc, windows-amd64)
# No core dump will be written. Minidumps are not enabled by default on client versions of Windows
#

---------------  S U M M A R Y ------------

Command Line: -Dfile.encoding=UTF-8 com.demo.DoConnectAdminApplication

Host: Intel(R) Pentium(R) CPU 4417U @ 2.30GHz, 4 cores, 3G,  Windows 10 , 64 bit Build 22000 (10.0.22000.318)
Time: Wed Dec 29 17:00:19 2021 India Standard Time elapsed time: 854.568255 seconds (0d 0h 14m 14s)

---------------  T H R E A D  ---------------

Current thread (0x0000016df52f3000):  JavaThread "C2 CompilerThread0" daemon [_thread_in_native, id=26548, stack(0x0000003cc2a00000,0x0000003cc2b00000)]


Current CompileTask:
C2: 854568 7601       4       org.springframework.boot.context.config.ConfigDataEnvironmentContributor$ContributorIterator::fetchIfNecessary (153 bytes)

Stack: [0x0000003cc2a00000,0x0000003cc2b00000]
Native frames: (J=compiled Java code, j=interpreted, Vv=VM code, C=native code)
V  [jvm.dll+0x617d9a]
V  [jvm.dll+0x74eeef]
V  [jvm.dll+0x750599]
V  [jvm.dll+0x750c23]
V  [jvm.dll+0x2438d8]
V  [jvm.dll+0xba6dc]
V  [jvm.dll+0xbac9c]
V  [jvm.dll+0x346972]
V  [jvm.dll+0x3147a3]
V  [jvm.dll+0x313aea]
V  [jvm.dll+0x1fd105]
V  [jvm.dll+0x1fc2ed]
V  [jvm.dll+0x17f18c]
V  [jvm.dll+0x20b87c]
V  [jvm.dll+0x20997b]
V  [jvm.dll+0x716359]
V  [jvm.dll+0x70f064]
V  [jvm.dll+0x616f66]
C  [ucrtbase.dll+0x26c0c]
C  [KERNEL32.DLL+0x154e0]
C  [ntdll.dll+0x485b]


---------------  P R O C E S S  ---------------

Threads class SMR info:
_java_thread_list=0x0000016dfc3228e0, length=13, elements={
0x0000016df526f000, 0x0000016df529b800, 0x0000016df52eb800, 0x0000016df52ec800,
0x0000016df52ee000, 0x0000016df52f3000, 0x0000016df5c5b000, 0x0000016df5c6d800,
0x0000016df5d7c800, 0x0000016df8e23000, 0x0000016df9309000, 0x0000016df9308800,
0x0000016df930b000
}

Java Threads: ( => current thread )
  0x0000016df526f000 JavaThread "Reference Handler" daemon [_thread_blocked, id=9992, stack(0x0000003cc2500000,0x0000003cc2600000)]
  0x0000016df529b800 JavaThread "Finalizer" daemon [_thread_blocked, id=6684, stack(0x0000003cc2600000,0x0000003cc2700000)]
  0x0000016df52eb800 JavaThread "Signal Dispatcher" daemon [_thread_blocked, id=11108, stack(0x0000003cc2700000,0x0000003cc2800000)]
  0x0000016df52ec800 JavaThread "Attach Listener" daemon [_thread_blocked, id=10016, stack(0x0000003cc2800000,0x0000003cc2900000)]
  0x0000016df52ee000 JavaThread "Service Thread" daemon [_thread_blocked, id=19012, stack(0x0000003cc2900000,0x0000003cc2a00000)]
=>0x0000016df52f3000 JavaThread "C2 CompilerThread0" daemon [_thread_in_native, id=26548, stack(0x0000003cc2a00000,0x0000003cc2b00000)]
  0x0000016df5c5b000 JavaThread "C1 CompilerThread0" daemon [_thread_blocked, id=14392, stack(0x0000003cc2b00000,0x0000003cc2c00000)]
  0x0000016df5c6d800 JavaThread "Sweeper thread" daemon [_thread_blocked, id=14592, stack(0x0000003cc2c00000,0x0000003cc2d00000)]
  0x0000016df5d7c800 JavaThread "Common-Cleaner" daemon [_thread_blocked, id=23376, stack(0x0000003cc2e00000,0x0000003cc2f00000)]
  0x0000016df8e23000 JavaThread "mysql-cj-abandoned-connection-cleanup" daemon [_thread_blocked, id=23444, stack(0x0000003cc3800000,0x0000003cc3900000)]
  0x0000016df9309000 JavaThread "DestroyJavaVM" [_thread_blocked, id=500, stack(0x0000003cc1e00000,0x0000003cc1f00000)]
  0x0000016df9308800 JavaThread "Thread-1" [_thread_blocked, id=29124, stack(0x0000003cc3500000,0x0000003cc3600000)]
  0x0000016df930b000 JavaThread "restartedMain" [_thread_in_Java, id=26856, stack(0x0000003cc1b00000,0x0000003cc1c00000)]

Other Threads:
  0x0000016df526c000 VMThread "VM Thread" [stack: 0x0000003cc2400000,0x0000003cc2500000] [id=2192]
  0x0000016df5d6d000 WatcherThread [stack: 0x0000003cc2d00000,0x0000003cc2e00000] [id=27312]
  0x0000016dd946d800 GCTaskThread "GC Thread#0" [stack: 0x0000003cc1f00000,0x0000003cc2000000] [id=21736]
  0x0000016df6050000 GCTaskThread "GC Thread#1" [stack: 0x0000003cc2f00000,0x0000003cc3000000] [id=23728]
  0x0000016df6fcc000 GCTaskThread "GC Thread#2" [stack: 0x0000003cc3200000,0x0000003cc3300000] [id=5600]
  0x0000016df6fcd000 GCTaskThread "GC Thread#3" [stack: 0x0000003cc3300000,0x0000003cc3400000] [id=18932]
  0x0000016dd9488000 ConcurrentGCThread "G1 Main Marker" [stack: 0x0000003cc2000000,0x0000003cc2100000] [id=14860]
  0x0000016dd948a800 ConcurrentGCThread "G1 Conc#0" [stack: 0x0000003cc2100000,0x0000003cc2200000] [id=19388]
  0x0000016dd94d2800 ConcurrentGCThread "G1 Refine#0" [stack: 0x0000003cc2200000,0x0000003cc2300000] [id=28960]
  0x0000016dd94d3800 ConcurrentGCThread "G1 Young RemSet Sampling" [stack: 0x0000003cc2300000,0x0000003cc2400000] [id=13508]

Threads with active compile tasks:
C2 CompilerThread0 854762 7601       4       org.springframework.boot.context.config.ConfigDataEnvironmentContributor$ContributorIterator::fetchIfNecessary (153 bytes)

VM state:not at safepoint (normal execution)

VM Mutex/Monitor currently owned by a thread: None

Heap address: 0x00000000c2000000, size: 992 MB, Compressed Oops mode: 32-bit
Narrow klass base: 0x0000000000000000, Narrow klass shift: 3
Compressed class space size: 1073741824 Address: 0x0000000100000000

Heap:
 garbage-first heap   total 63488K, used 39302K [0x00000000c2000000, 0x0000000100000000)
  region size 1024K, 7 young (7168K), 0 survivors (0K)
 Metaspace       used 81008K, capacity 83279K, committed 83532K, reserved 1122304K
  class space    used 10388K, capacity 11305K, committed 11392K, reserved 1048576K
Heap Regions: E=young(eden), S=young(survivor), O=old, HS=humongous(starts), HC=humongous(continues), CS=collection set, F=free, A=archive, TAMS=top-at-mark-start (previous, next)
|   0|0x00000000c2000000, 0x00000000c2100000, 0x00000000c2100000|100%|HS|  |TAMS 0x00000000c2000000, 0x00000000c2000000| Untracked 
|   1|0x00000000c2100000, 0x00000000c21e9878, 0x00000000c2200000| 91%| O|  |TAMS 0x00000000c2100000, 0x00000000c2100000| Untracked 
|   2|0x00000000c2200000, 0x00000000c22f9e18, 0x00000000c2300000| 97%| O|  |TAMS 0x00000000c2200000, 0x00000000c2200000| Untracked 
|   3|0x00000000c2300000, 0x00000000c23ffff0, 0x00000000c2400000| 99%| O|  |TAMS 0x00000000c2300000, 0x00000000c2300000| Untracked 
|   4|0x00000000c2400000, 0x00000000c24f5d28, 0x00000000c2500000| 96%| O|  |TAMS 0x00000000c2400000, 0x00000000c2400000| Untracked 
|   5|0x00000000c2500000, 0x00000000c2600000, 0x00000000c2600000|100%| O|  |TAMS 0x00000000c2500000, 0x00000000c2500000| Untracked 
|   6|0x00000000c2600000, 0x00000000c26ffff0, 0x00000000c2700000| 99%| O|  |TAMS 0x00000000c2600000, 0x00000000c2600000| Untracked 
|   7|0x00000000c2700000, 0x00000000c27fffe8, 0x00000000c2800000| 99%| O|  |TAMS 0x00000000c2700000, 0x00000000c2700000| Untracked 
|   8|0x00000000c2800000, 0x00000000c28fffc0, 0x00000000c2900000| 99%| O|  |TAMS 0x00000000c2800000, 0x00000000c2800000| Untracked 
|   9|0x00000000c2900000, 0x00000000c29fffe8, 0x00000000c2a00000| 99%| O|  |TAMS 0x00000000c2900000, 0x00000000c2900000| Untracked 
|  10|0x00000000c2a00000, 0x00000000c2afffe8, 0x00000000c2b00000| 99%| O|  |TAMS 0x00000000c2a00000, 0x00000000c2a00000| Untracked 
|  11|0x00000000c2b00000, 0x00000000c2c00000, 0x00000000c2c00000|100%| O|  |TAMS 0x00000000c2b00000, 0x00000000c2b00000| Untracked 
|  12|0x00000000c2c00000, 0x00000000c2cfffd0, 0x00000000c2d00000| 99%| O|  |TAMS 0x00000000c2c00000, 0x00000000c2c00000| Untracked 
|  13|0x00000000c2d00000, 0x00000000c2dfffc8, 0x00000000c2e00000| 99%| O|  |TAMS 0x00000000c2d00000, 0x00000000c2d00000| Untracked 
|  14|0x00000000c2e00000, 0x00000000c2efffe0, 0x00000000c2f00000| 99%| O|  |TAMS 0x00000000c2e00000, 0x00000000c2e00000| Untracked 
|  15|0x00000000c2f00000, 0x00000000c2ffffd8, 0x00000000c3000000| 99%| O|  |TAMS 0x00000000c2f00000, 0x00000000c2f00000| Untracked 
|  16|0x00000000c3000000, 0x00000000c30ffff8, 0x00000000c3100000| 99%| O|  |TAMS 0x00000000c3000000, 0x00000000c3000000| Untracked 
|  17|0x00000000c3100000, 0x00000000c31ffff0, 0x00000000c3200000| 99%| O|  |TAMS 0x00000000c3100000, 0x00000000c3100000| Untracked 
|  18|0x00000000c3200000, 0x00000000c32fffd8, 0x00000000c3300000| 99%| O|  |TAMS 0x00000000c3200000, 0x00000000c3200000| Untracked 
|  19|0x00000000c3300000, 0x00000000c3400000, 0x00000000c3400000|100%| O|  |TAMS 0x00000000c3300000, 0x00000000c3300000| Untracked 
|  20|0x00000000c3400000, 0x00000000c34ff0e8, 0x00000000c3500000| 99%| O|  |TAMS 0x00000000c3400000, 0x00000000c3400000| Untracked 
|  21|0x00000000c3500000, 0x00000000c35fffb0, 0x00000000c3600000| 99%| O|  |TAMS 0x00000000c3500000, 0x00000000c3500000| Untracked 
|  22|0x00000000c3600000, 0x00000000c3700000, 0x00000000c3700000|100%| O|  |TAMS 0x00000000c3600000, 0x00000000c3600000| Untracked 
|  23|0x00000000c3700000, 0x00000000c3800000, 0x00000000c3800000|100%| O|  |TAMS 0x00000000c3700000, 0x00000000c3700000| Untracked 
|  24|0x00000000c3800000, 0x00000000c38ffff8, 0x00000000c3900000| 99%| O|  |TAMS 0x00000000c3800000, 0x00000000c3800000| Untracked 
|  25|0x00000000c3900000, 0x00000000c39fffe8, 0x00000000c3a00000| 99%| O|  |TAMS 0x00000000c3900000, 0x00000000c3900000| Untracked 
|  26|0x00000000c3a00000, 0x00000000c3afff68, 0x00000000c3b00000| 99%| O|  |TAMS 0x00000000c3a00000, 0x00000000c3a00000| Untracked 
|  27|0x00000000c3b00000, 0x00000000c3bffff8, 0x00000000c3c00000| 99%| O|  |TAMS 0x00000000c3b00000, 0x00000000c3b00000| Untracked 
|  28|0x00000000c3c00000, 0x00000000c3c024d8, 0x00000000c3d00000|  0%| O|  |TAMS 0x00000000c3c00000, 0x00000000c3c00000| Untracked 
|  29|0x00000000c3d00000, 0x00000000c3d00000, 0x00000000c3e00000|  0%| F|  |TAMS 0x00000000c3d00000, 0x00000000c3d00000| Untracked 
|  30|0x00000000c3e00000, 0x00000000c3effff8, 0x00000000c3f00000| 99%| O|  |TAMS 0x00000000c3e00000, 0x00000000c3e00000| Untracked 
|  31|0x00000000c3f00000, 0x00000000c3fffff0, 0x00000000c4000000| 99%| O|  |TAMS 0x00000000c3f00000, 0x00000000c3f00000| Untracked 
|  32|0x00000000c4000000, 0x00000000c40fffe8, 0x00000000c4100000| 99%| O|  |TAMS 0x00000000c4000000, 0x00000000c4000000| Untracked 
|  33|0x00000000c4100000, 0x00000000c418e038, 0x00000000c4200000| 55%| O|  |TAMS 0x00000000c4100000, 0x00000000c4100000| Untracked 
|  34|0x00000000c4200000, 0x00000000c42f92a8, 0x00000000c4300000| 97%| O|  |TAMS 0x00000000c4200000, 0x00000000c4200000| Untracked 
|  35|0x00000000c4300000, 0x00000000c4300000, 0x00000000c4400000|  0%| F|  |TAMS 0x00000000c4300000, 0x00000000c4300000| Untracked 
|  36|0x00000000c4400000, 0x00000000c4400000, 0x00000000c4500000|  0%| F|  |TAMS 0x00000000c4400000, 0x00000000c4400000| Untracked 
|  37|0x00000000c4500000, 0x00000000c4500000, 0x00000000c4600000|  0%| F|  |TAMS 0x00000000c4500000, 0x00000000c4500000| Untracked 
|  38|0x00000000c4600000, 0x00000000c4600000, 0x00000000c4700000|  0%| F|  |TAMS 0x00000000c4600000, 0x00000000c4600000| Untracked 
|  39|0x00000000c4700000, 0x00000000c4700000, 0x00000000c4800000|  0%| F|  |TAMS 0x00000000c4700000, 0x00000000c4700000| Untracked 
|  40|0x00000000c4800000, 0x00000000c4800000, 0x00000000c4900000|  0%| F|  |TAMS 0x00000000c4800000, 0x00000000c4800000| Untracked 
|  41|0x00000000c4900000, 0x00000000c4900000, 0x00000000c4a00000|  0%| F|  |TAMS 0x00000000c4900000, 0x00000000c4900000| Untracked 
|  42|0x00000000c4a00000, 0x00000000c4a00000, 0x00000000c4b00000|  0%| F|  |TAMS 0x00000000c4a00000, 0x00000000c4a00000| Untracked 
|  43|0x00000000c4b00000, 0x00000000c4b00000, 0x00000000c4c00000|  0%| F|  |TAMS 0x00000000c4b00000, 0x00000000c4b00000| Untracked 
|  44|0x00000000c4c00000, 0x00000000c4c00000, 0x00000000c4d00000|  0%| F|  |TAMS 0x00000000c4c00000, 0x00000000c4c00000| Untracked 
|  45|0x00000000c4d00000, 0x00000000c4d00000, 0x00000000c4e00000|  0%| F|  |TAMS 0x00000000c4d00000, 0x00000000c4d00000| Untracked 
|  46|0x00000000c4e00000, 0x00000000c4e00000, 0x00000000c4f00000|  0%| F|  |TAMS 0x00000000c4e00000, 0x00000000c4e00000| Untracked 
|  47|0x00000000c4f00000, 0x00000000c4f00000, 0x00000000c5000000|  0%| F|  |TAMS 0x00000000c4f00000, 0x00000000c4f00000| Untracked 
|  48|0x00000000c5000000, 0x00000000c5000000, 0x00000000c5100000|  0%| F|  |TAMS 0x00000000c5000000, 0x00000000c5000000| Untracked 
|  49|0x00000000c5100000, 0x00000000c5100000, 0x00000000c5200000|  0%| F|  |TAMS 0x00000000c5100000, 0x00000000c5100000| Untracked 
|  50|0x00000000c5200000, 0x00000000c5200000, 0x00000000c5300000|  0%| F|  |TAMS 0x00000000c5200000, 0x00000000c5200000| Untracked 
|  51|0x00000000c5300000, 0x00000000c5300000, 0x00000000c5400000|  0%| F|  |TAMS 0x00000000c5300000, 0x00000000c5300000| Untracked 
|  52|0x00000000c5400000, 0x00000000c5400000, 0x00000000c5500000|  0%| F|  |TAMS 0x00000000c5400000, 0x00000000c5400000| Untracked 
|  53|0x00000000c5500000, 0x00000000c5500000, 0x00000000c5600000|  0%| F|  |TAMS 0x00000000c5500000, 0x00000000c5500000| Untracked 
|  54|0x00000000c5600000, 0x00000000c5600000, 0x00000000c5700000|  0%| F|  |TAMS 0x00000000c5600000, 0x00000000c5600000| Untracked 
|  55|0x00000000c5700000, 0x00000000c57f9798, 0x00000000c5800000| 97%| E|  |TAMS 0x00000000c5700000, 0x00000000c5700000| Complete 
|  56|0x00000000c5800000, 0x00000000c5900000, 0x00000000c5900000|100%| E|CS|TAMS 0x00000000c5800000, 0x00000000c5800000| Complete 
|  57|0x00000000c5900000, 0x00000000c5a00000, 0x00000000c5a00000|100%| E|CS|TAMS 0x00000000c5900000, 0x00000000c5900000| Complete 
|  58|0x00000000c5a00000, 0x00000000c5b00000, 0x00000000c5b00000|100%| E|CS|TAMS 0x00000000c5a00000, 0x00000000c5a00000| Complete 
|  59|0x00000000c5b00000, 0x00000000c5c00000, 0x00000000c5c00000|100%| E|CS|TAMS 0x00000000c5b00000, 0x00000000c5b00000| Complete 
|  60|0x00000000c5c00000, 0x00000000c5d00000, 0x00000000c5d00000|100%| E|CS|TAMS 0x00000000c5c00000, 0x00000000c5c00000| Complete 
|  61|0x00000000c5d00000, 0x00000000c5e00000, 0x00000000c5e00000|100%| E|CS|TAMS 0x00000000c5d00000, 0x00000000c5d00000| Complete 

Card table byte_map: [0x0000016df0b00000,0x0000016df0cf0000] _byte_map_base: 0x0000016df04f0000

Marking Bits (Prev, Next): (CMBitMap*) 0x0000016dd9482558, (CMBitMap*) 0x0000016dd9482590
 Prev Bits: [0x0000016df0ee0000, 0x0000016df1e60000)
 Next Bits: [0x0000016df1e60000, 0x0000016df2de0000)

Polling page: 0x0000016dd7390000

Metaspace:

Usage:
  Non-class:     70.29 MB capacity,    68.97 MB ( 98%) used,     1.04 MB (  1%) free+waste,   285.25 KB ( <1%) overhead. 
      Class:     11.04 MB capacity,    10.15 MB ( 92%) used,   781.40 KB (  7%) free+waste,   135.06 KB (  1%) overhead. 
       Both:     81.33 MB capacity,    79.11 MB ( 97%) used,     1.81 MB (  2%) free+waste,   420.31 KB ( <1%) overhead. 

Virtual space:
  Non-class space:       72.00 MB reserved,      70.45 MB ( 98%) committed 
      Class space:        1.00 GB reserved,      11.13 MB (  1%) committed 
             Both:        1.07 GB reserved,      81.57 MB (  7%) committed 

Chunk freelists:
   Non-Class:  4.75 KB
       Class:  0 bytes
        Both:  4.75 KB

CodeHeap 'non-profiled nmethods': size=120064Kb used=5904Kb max_used=5904Kb free=114159Kb
 bounds [0x0000016de93d0000, 0x0000016de99a0000, 0x0000016df0910000]
CodeHeap 'profiled nmethods': size=120000Kb used=17918Kb max_used=17918Kb free=102081Kb
 bounds [0x0000016de1ea0000, 0x0000016de3030000, 0x0000016de93d0000]
CodeHeap 'non-nmethods': size=5696Kb used=1245Kb max_used=1280Kb free=4451Kb
 bounds [0x0000016de1910000, 0x0000016de1b80000, 0x0000016de1ea0000]
 total_blobs=8199 nmethods=7557 adapters=554
 compilation: enabled
              stopped_count=0, restarted_count=0
 full_count=0

Compilation events (10 events):
Event: 854.255 Thread 0x0000016df52f3000 nmethod 7590 0x0000016de9988890 code [0x0000016de9988e40, 0x0000016de998ed08]
Event: 854.256 Thread 0x0000016df52f3000 7631       4       java.lang.reflect.Method::equals (69 bytes)
Event: 854.264 Thread 0x0000016df5c5b000 7637       1       org.springframework.beans.PropertyValue::getValue (5 bytes)
Event: 854.264 Thread 0x0000016df5c5b000 nmethod 7637 0x0000016de9993790 code [0x0000016de9993920, 0x0000016de99939d8]
Event: 854.265 Thread 0x0000016df52f3000 nmethod 7631 0x0000016de9993a90 code [0x0000016de9993c20, 0x0000016de9993d78]
Event: 854.265 Thread 0x0000016df52f3000 7601       4       org.springframework.boot.context.config.ConfigDataEnvironmentContributor$ContributorIterator::fetchIfNecessary (153 bytes)
Event: 854.272 Thread 0x0000016df5c5b000 7638   !   3       com.sun.proxy.$Proxy12::annotationType (29 bytes)
Event: 854.273 Thread 0x0000016df5c5b000 nmethod 7638 0x0000016de301e810 code [0x0000016de301e9e0, 0x0000016de301edb8]
Event: 854.324 Thread 0x0000016df5c5b000 7639       3       java.util.HashMap$Node::hashCode (16 bytes)
Event: 854.325 Thread 0x0000016df5c5b000 nmethod 7639 0x0000016de301ef90 code [0x0000016de301f160, 0x0000016de301f558]

GC Heap History (10 events):
Event: 200.887 GC heap before
{Heap before GC invocations=41 (full 0):
 garbage-first heap   total 63488K, used 51970K [0x00000000c2000000, 0x0000000100000000)
  region size 1024K, 18 young (18432K), 3 survivors (3072K)
 Metaspace       used 75925K, capacity 78122K, committed 78284K, reserved 1116160K
  class space    used 9771K, capacity 10663K, committed 10752K, reserved 1048576K
}
Event: 201.043 GC heap after
{Heap after GC invocations=42 (full 0):
 garbage-first heap   total 63488K, used 38462K [0x00000000c2000000, 0x0000000100000000)
  region size 1024K, 3 young (3072K), 3 survivors (3072K)
 Metaspace       used 75925K, capacity 78122K, committed 78284K, reserved 1116160K
  class space    used 9771K, capacity 10663K, committed 10752K, reserved 1048576K
}
Event: 205.485 GC heap before
{Heap before GC invocations=43 (full 0):
 garbage-first heap   total 63488K, used 52798K [0x00000000c2000000, 0x0000000100000000)
  region size 1024K, 17 young (17408K), 3 survivors (3072K)
 Metaspace       used 77471K, capacity 79654K, committed 79692K, reserved 1118208K
  class space    used 9987K, capacity 10869K, committed 10880K, reserved 1048576K
}
Event: 205.517 GC heap after
{Heap after GC invocations=44 (full 0):
 garbage-first heap   total 63488K, used 39781K [0x00000000c2000000, 0x0000000100000000)
  region size 1024K, 2 young (2048K), 2 survivors (2048K)
 Metaspace       used 77471K, capacity 79654K, committed 79692K, reserved 1118208K
  class space    used 9987K, capacity 10869K, committed 10880K, reserved 1048576K
}
Event: 207.816 GC heap before
{Heap before GC invocations=44 (full 0):
 garbage-first heap   total 63488K, used 51045K [0x00000000c2000000, 0x0000000100000000)
  region size 1024K, 14 young (14336K), 2 survivors (2048K)
 Metaspace       used 79547K, capacity 81854K, committed 82124K, reserved 1120256K
  class space    used 10249K, capacity 11173K, committed 11264K, reserved 1048576K
}
Event: 207.829 GC heap after
{Heap after GC invocations=45 (full 0):
 garbage-first heap   total 63488K, used 40509K [0x00000000c2000000, 0x0000000100000000)
  region size 1024K, 1 young (1024K), 1 survivors (1024K)
 Metaspace       used 79547K, capacity 81854K, committed 82124K, reserved 1120256K
  class space    used 10249K, capacity 11173K, committed 11264K, reserved 1048576K
}
Event: 592.290 GC heap before
{Heap before GC invocations=46 (full 0):
 garbage-first heap   total 63488K, used 52797K [0x00000000c2000000, 0x0000000100000000)
  region size 1024K, 13 young (13312K), 1 survivors (1024K)
 Metaspace       used 80670K, capacity 82999K, committed 83276K, reserved 1122304K
  class space    used 10358K, capacity 11277K, committed 11392K, reserved 1048576K
}
Event: 592.426 GC heap after
{Heap after GC invocations=47 (full 0):
 garbage-first heap   total 63488K, used 40827K [0x00000000c2000000, 0x0000000100000000)
  region size 1024K, 2 young (2048K), 2 survivors (2048K)
 Metaspace       used 80670K, capacity 82999K, committed 83276K, reserved 1122304K
  class space    used 10358K, capacity 11277K, committed 11392K, reserved 1048576K
}
Event: 848.046 GC heap before
{Heap before GC invocations=47 (full 0):
 garbage-first heap   total 63488K, used 47995K [0x00000000c2000000, 0x0000000100000000)
  region size 1024K, 10 young (10240K), 2 survivors (2048K)
 Metaspace       used 80958K, capacity 83263K, committed 83532K, reserved 1122304K
  class space    used 10385K, capacity 11300K, committed 11392K, reserved 1048576K
}
Event: 849.977 GC heap after
{Heap after GC invocations=48 (full 1):
 garbage-first heap   total 63488K, used 33158K [0x00000000c2000000, 0x0000000100000000)
  region size 1024K, 0 young (0K), 0 survivors (0K)
 Metaspace       used 80958K, capacity 83263K, committed 83532K, reserved 1122304K
  class space    used 10385K, capacity 11300K, committed 11392K, reserved 1048576K
}

Deoptimization events (10 events):
Event: 851.144 Thread 0x0000016df930b000 Uncommon trap: reason=unstable_if action=reinterpret pc=0x0000016de98dba48 method=ch.qos.logback.classic.Logger.isTraceEnabled(Lorg/slf4j/Marker;)Z @ 13 c2
Event: 851.348 Thread 0x0000016df930b000 Uncommon trap: reason=unstable_if action=reinterpret pc=0x0000016de98ade78 method=org.springframework.boot.context.properties.source.SpringConfigurationPropertySources.adapt(Lorg/springframework/core/env/PropertySource;)Lorg/springframework/boot/context/p
Event: 851.355 Thread 0x0000016df930b000 Uncommon trap: reason=profile_predicate action=maybe_recompile pc=0x0000016de98edaf8 method=org.springframework.boot.context.properties.source.SpringIterableConfigurationPropertySource$Mappings.updateMappings([Ljava/lang/String;)V @ 97 c2
Event: 851.364 Thread 0x0000016df930b000 Uncommon trap: reason=profile_predicate action=maybe_recompile pc=0x0000016de98edaf8 method=org.springframework.boot.context.properties.source.SpringIterableConfigurationPropertySource$Mappings.updateMappings([Ljava/lang/String;)V @ 97 c2
Event: 853.017 Thread 0x0000016df930b000 Uncommon trap: reason=unstable_if action=reinterpret pc=0x0000016de98cdaa8 method=ch.qos.logback.classic.Logger.isTraceEnabled(Lorg/slf4j/Marker;)Z @ 13 c2
Event: 853.579 Thread 0x0000016df930b000 Uncommon trap: reason=bimorphic_or_optimized_type_check action=maybe_recompile pc=0x0000016de97b413c method=java.util.TreeMap.getEntryUsingComparator(Ljava/lang/Object;)Ljava/util/TreeMap$Entry; @ 29 c2
Event: 853.579 Thread 0x0000016df930b000 Uncommon trap: reason=bimorphic_or_optimized_type_check action=maybe_recompile pc=0x0000016de97b413c method=java.util.TreeMap.getEntryUsingComparator(Ljava/lang/Object;)Ljava/util/TreeMap$Entry; @ 29 c2
Event: 853.579 Thread 0x0000016df930b000 Uncommon trap: reason=bimorphic_or_optimized_type_check action=maybe_recompile pc=0x0000016de97b413c method=java.util.TreeMap.getEntryUsingComparator(Ljava/lang/Object;)Ljava/util/TreeMap$Entry; @ 29 c2
Event: 853.580 Thread 0x0000016df930b000 Uncommon trap: reason=bimorphic_or_optimized_type_check action=maybe_recompile pc=0x0000016de97b413c method=java.util.TreeMap.getEntryUsingComparator(Ljava/lang/Object;)Ljava/util/TreeMap$Entry; @ 29 c2
Event: 854.424 Thread 0x0000016df930b000 Uncommon trap: reason=class_check action=maybe_recompile pc=0x0000016de9530278 method=org.springframework.core.annotation.MergedAnnotationsCollection.find(Ljava/lang/Object;Ljava/util/function/Predicate;Lorg/springframework/core/annotation/MergedAnnotatio

Classes redefined (0 events):
No events

Internal exceptions (10 events):
Event: 830.162 Thread 0x0000016df9307800 Exception <a 'java/net/SocketTimeoutException'{0x00000000c5ae6830}: Read timed out> (0x00000000c5ae6830) thrown at [./open/src/hotspot/share/prims/jni.cpp, line 632]
Event: 830.428 Thread 0x0000016df930a000 Exception <a 'java/net/SocketTimeoutException'{0x00000000c5aebba8}: Read timed out> (0x00000000c5aebba8) thrown at [./open/src/hotspot/share/prims/jni.cpp, line 632]
Event: 841.152 Thread 0x0000016df95a5000 Exception <a 'java/net/SocketTimeoutException'{0x00000000c59da130}: Read timed out> (0x00000000c59da130) thrown at [./open/src/hotspot/share/prims/jni.cpp, line 632]
Event: 843.081 Thread 0x0000016df8e22800 Exception <a 'java/lang/InterruptedException'{0x00000000c5838620}: sleep interrupted> (0x00000000c5838620) thrown at [./open/src/hotspot/share/prims/jvm.cpp, line 3124]
Event: 844.010 Thread 0x0000016df930b800 Exception <a 'java/net/SocketException'{0x00000000c58fbe30}: Software caused connection abort: socket write error> (0x00000000c58fbe30) thrown at [./open/src/hotspot/share/prims/jni.cpp, line 632]
Event: 844.019 Thread 0x0000016df930b800 Exception <a 'java/net/SocketException'{0x00000000c58fc4d8}: Software caused connection abort: recv failed> (0x00000000c58fc4d8) thrown at [./open/src/hotspot/share/prims/jni.cpp, line 632]
Event: 844.104 Thread 0x0000016df930b800 Exception <a 'java/net/SocketException'{0x00000000c5704c18}: Software caused connection abort: socket write error> (0x00000000c5704c18) thrown at [./open/src/hotspot/share/prims/jni.cpp, line 632]
Event: 844.109 Thread 0x0000016df930b800 Exception <a 'java/net/SocketException'{0x00000000c5705478}: Software caused connection abort: recv failed> (0x00000000c5705478) thrown at [./open/src/hotspot/share/prims/jni.cpp, line 632]
Event: 847.531 Thread 0x0000016df9308800 Exception <a 'java/net/SocketTimeoutException'{0x00000000c575e0d8}: Read timed out> (0x00000000c575e0d8) thrown at [./open/src/hotspot/share/prims/jni.cpp, line 632]
Event: 851.075 Thread 0x0000016df930b000 Exception <a 'java/io/FileNotFoundException'{0x00000000c5cbbfa0}> (0x00000000c5cbbfa0) thrown at [./open/src/hotspot/share/prims/jni.cpp, line 611]

Events (10 events):
Event: 854.060 loading class groovy/lang/MetaClass done
Event: 854.062 loading class groovy/lang$MetaClass
Event: 854.062 loading class groovy/lang$MetaClass done
Event: 854.065 loading class groovy/lang/MetaClass
Event: 854.065 loading class groovy/lang/MetaClass done
Event: 854.067 loading class groovy/lang$MetaClass
Event: 854.067 loading class groovy/lang$MetaClass done
Event: 854.424 Thread 0x0000016df930b000 Uncommon trap: trap_request=0xffffffde fr.pc=0x0000016de9530278 relative=0x0000000000000fb8
Event: 854.424 Thread 0x0000016df930b000 DEOPT PACKING pc=0x0000016de9530278 sp=0x0000003cc1bfda20
Event: 854.424 Thread 0x0000016df930b000 DEOPT UNPACKING pc=0x0000016de19362a9 sp=0x0000003cc1bfd9c0 mode 2


Dynamic libraries:
0x00007ff634ba0000 - 0x00007ff634baf000 	C:\Program Files\Java\jdk-11.0.12\bin\javaw.exe
0x00007ffb28920000 - 0x00007ffb28b27000 	C:\WINDOWS\SYSTEM32\ntdll.dll
0x00007ffb27190000 - 0x00007ffb2724d000 	C:\WINDOWS\System32\KERNEL32.DLL
0x00007ffb25e00000 - 0x00007ffb26174000 	C:\WINDOWS\System32\KERNELBASE.dll
0x00007ffb262f0000 - 0x00007ffb26401000 	C:\WINDOWS\System32\ucrtbase.dll
0x00007ffb0af20000 - 0x00007ffb0af38000 	C:\Program Files\Java\jdk-11.0.12\bin\jli.dll
0x00007ffb27430000 - 0x00007ffb274dc000 	C:\WINDOWS\System32\ADVAPI32.dll
0x00007ffb27380000 - 0x00007ffb27423000 	C:\WINDOWS\System32\msvcrt.dll
0x00007ffb27f10000 - 0x00007ffb27fad000 	C:\WINDOWS\System32\sechost.dll
0x00007ffb27250000 - 0x00007ffb27371000 	C:\WINDOWS\System32\RPCRT4.dll
0x00007ffb27570000 - 0x00007ffb2771c000 	C:\WINDOWS\System32\USER32.dll
0x00007ffb26700000 - 0x00007ffb26726000 	C:\WINDOWS\System32\win32u.dll
0x00007ffb27ee0000 - 0x00007ffb27f09000 	C:\WINDOWS\System32\GDI32.dll
0x00007ffb26410000 - 0x00007ffb26522000 	C:\WINDOWS\System32\gdi32full.dll
0x00007ffb26530000 - 0x00007ffb265cd000 	C:\WINDOWS\System32\msvcp_win.dll
0x00007ffb0ef10000 - 0x00007ffb0f1b5000 	C:\WINDOWS\WinSxS\amd64_microsoft.windows.common-controls_6595b64144ccf1df_6.0.22000.120_none_9d947278b86cc467\COMCTL32.dll
0x00007ffb1cc10000 - 0x00007ffb1cc1a000 	C:\WINDOWS\SYSTEM32\VERSION.dll
0x00007ffafefb0000 - 0x00007ffafefc5000 	C:\Program Files\Java\jdk-11.0.12\bin\VCRUNTIME140.dll
0x00007ffb27fb0000 - 0x00007ffb27fe1000 	C:\WINDOWS\System32\IMM32.DLL
0x00007ffade7c0000 - 0x00007ffade85b000 	C:\Program Files\Java\jdk-11.0.12\bin\msvcp140.dll
0x00007ffac1620000 - 0x00007ffac211f000 	C:\Program Files\Java\jdk-11.0.12\bin\server\jvm.dll
0x00007ffb285b0000 - 0x00007ffb285b8000 	C:\WINDOWS\System32\PSAPI.DLL
0x00007ffb11900000 - 0x00007ffb11909000 	C:\WINDOWS\SYSTEM32\WSOCK32.dll
0x00007ffb281c0000 - 0x00007ffb2822f000 	C:\WINDOWS\System32\WS2_32.dll
0x00007ffb1fe50000 - 0x00007ffb1fe83000 	C:\WINDOWS\SYSTEM32\WINMM.dll
0x00007ffb25010000 - 0x00007ffb25028000 	C:\WINDOWS\SYSTEM32\kernel.appcore.dll
0x00007ffb117e0000 - 0x00007ffb117f0000 	C:\Program Files\Java\jdk-11.0.12\bin\verify.dll
0x00007ffb23970000 - 0x00007ffb23b91000 	C:\WINDOWS\SYSTEM32\DBGHELP.DLL
0x00007ffb07c40000 - 0x00007ffb07c71000 	C:\WINDOWS\SYSTEM32\dbgcore.DLL
0x00007ffb26730000 - 0x00007ffb267af000 	C:\WINDOWS\System32\bcryptPrimitives.dll
0x00007ffaf6cb0000 - 0x00007ffaf6cd8000 	C:\Program Files\Java\jdk-11.0.12\bin\java.dll
0x00007ffb115e0000 - 0x00007ffb115ea000 	C:\Program Files\Java\jdk-11.0.12\bin\jimage.dll
0x00007ffaf7f90000 - 0x00007ffaf7fa6000 	C:\Program Files\Java\jdk-11.0.12\bin\zip.dll
0x00007ffb26970000 - 0x00007ffb2711e000 	C:\WINDOWS\System32\SHELL32.dll
0x00007ffb23fb0000 - 0x00007ffb24817000 	C:\WINDOWS\SYSTEM32\windows.storage.dll
0x00007ffb28230000 - 0x00007ffb285a8000 	C:\WINDOWS\System32\combase.dll
0x00007ffb23e40000 - 0x00007ffb23fa6000 	C:\WINDOWS\SYSTEM32\wintypes.dll
0x00007ffb277e0000 - 0x00007ffb278ca000 	C:\WINDOWS\System32\SHCORE.dll
0x00007ffb27120000 - 0x00007ffb2717d000 	C:\WINDOWS\System32\shlwapi.dll
0x00007ffb25d30000 - 0x00007ffb25d51000 	C:\WINDOWS\SYSTEM32\profapi.dll
0x00007ffaf7ee0000 - 0x00007ffaf7ef9000 	C:\Program Files\Java\jdk-11.0.12\bin\net.dll
0x00007ffb1f390000 - 0x00007ffb1f49c000 	C:\WINDOWS\SYSTEM32\WINHTTP.dll
0x00007ffb25420000 - 0x00007ffb25487000 	C:\WINDOWS\system32\mswsock.dll
0x00007ffaf6210000 - 0x00007ffaf6222000 	C:\Program Files\Java\jdk-11.0.12\bin\nio.dll
0x00007ffb0aa10000 - 0x00007ffb0aa19000 	C:\Program Files\Java\jdk-11.0.12\bin\management.dll
0x00007ffb09600000 - 0x00007ffb0960b000 	C:\Program Files\Java\jdk-11.0.12\bin\management_ext.dll
0x00007ffb24b90000 - 0x00007ffb24bbd000 	C:\WINDOWS\SYSTEM32\IPHLPAPI.DLL
0x00007ffb277d0000 - 0x00007ffb277d9000 	C:\WINDOWS\System32\NSI.dll
0x00007ffb1eb70000 - 0x00007ffb1eb89000 	C:\WINDOWS\SYSTEM32\dhcpcsvc6.DLL
0x00007ffb1f5f0000 - 0x00007ffb1f60e000 	C:\WINDOWS\SYSTEM32\dhcpcsvc.DLL
0x00007ffb24bc0000 - 0x00007ffb24ca7000 	C:\WINDOWS\SYSTEM32\DNSAPI.dll
0x00007ffb0b890000 - 0x00007ffb0b89a000 	C:\Windows\System32\rasadhlp.dll
0x00007ffb19f60000 - 0x00007ffb19fe1000 	C:\WINDOWS\System32\fwpuclnt.dll
0x00007ffb028f0000 - 0x00007ffb02907000 	C:\WINDOWS\system32\napinsp.dll
0x00007ffb025f0000 - 0x00007ffb0260b000 	C:\WINDOWS\system32\pnrpnsp.dll
0x00007ffb02590000 - 0x00007ffb025a2000 	C:\WINDOWS\System32\winrnr.dll
0x00007ffb1de40000 - 0x00007ffb1de55000 	C:\WINDOWS\system32\wshbth.dll
0x00007ffb02570000 - 0x00007ffb0258f000 	C:\WINDOWS\system32\nlansp_c.dll
0x00007ffb25660000 - 0x00007ffb25678000 	C:\WINDOWS\SYSTEM32\CRYPTSP.dll
0x00007ffb24f70000 - 0x00007ffb24fa5000 	C:\WINDOWS\system32\rsaenh.dll
0x00007ffb25510000 - 0x00007ffb25539000 	C:\WINDOWS\SYSTEM32\USERENV.dll
0x00007ffb257e0000 - 0x00007ffb25807000 	C:\WINDOWS\SYSTEM32\bcrypt.dll
0x00007ffb25680000 - 0x00007ffb2568c000 	C:\WINDOWS\SYSTEM32\CRYPTBASE.dll
0x00007ffadd550000 - 0x00007ffadd575000 	C:\Program Files\Java\jdk-11.0.12\bin\sunec.dll
0x00007ffb0af10000 - 0x00007ffb0af1d000 	C:\Program Files\Java\jdk-11.0.12\bin\sunmscapi.dll
0x00007ffb26180000 - 0x00007ffb262e2000 	C:\WINDOWS\System32\CRYPT32.dll
0x00007ffb257b0000 - 0x00007ffb257d8000 	C:\WINDOWS\SYSTEM32\ncrypt.dll
0x00007ffb25770000 - 0x00007ffb257a7000 	C:\WINDOWS\SYSTEM32\NTASN1.dll

dbghelp: loaded successfully - version: 4.0.5 - missing functions: none
symbol engine: initialized successfully - sym options: 0x614 - pdb path: .;C:\Program Files\Java\jdk-11.0.12\bin;C:\WINDOWS\SYSTEM32;C:\WINDOWS\WinSxS\amd64_microsoft.windows.common-controls_6595b64144ccf1df_6.0.22000.120_none_9d947278b86cc467;C:\Program Files\Java\jdk-11.0.12\bin\server

VM Arguments:
jvm_args: -Dfile.encoding=UTF-8 
java_command: com.demo.DoConnectAdminApplication
java_class_path (initial): C:\Users\HP\Desktop\DoConnect\capstone-project\doConnectAdmin\target\classes;C:\Users\HP\.m2\repository\org\springframework\boot\spring-boot-starter-actuator\2.6.2\spring-boot-starter-actuator-2.6.2.jar;C:\Users\HP\.m2\repository\org\springframework\boot\spring-boot-starter\2.6.2\spring-boot-starter-2.6.2.jar;C:\Users\HP\.m2\repository\org\springframework\boot\spring-boot-starter-logging\2.6.2\spring-boot-starter-logging-2.6.2.jar;C:\Users\HP\.m2\repository\ch\qos\logback\logback-classic\1.2.9\logback-classic-1.2.9.jar;C:\Users\HP\.m2\repository\ch\qos\logback\logback-core\1.2.9\logback-core-1.2.9.jar;C:\Users\HP\.m2\repository\org\apache\logging\log4j\log4j-to-slf4j\2.17.0\log4j-to-slf4j-2.17.0.jar;C:\Users\HP\.m2\repository\org\apache\logging\log4j\log4j-api\2.17.0\log4j-api-2.17.0.jar;C:\Users\HP\.m2\repository\org\slf4j\jul-to-slf4j\1.7.32\jul-to-slf4j-1.7.32.jar;C:\Users\HP\.m2\repository\jakarta\annotation\jakarta.annotation-api\1.3.5\jakarta.annotation-api-1.3.5.jar;C:\Users\HP\.m2\repository\org\yaml\snakeyaml\1.29\snakeyaml-1.29.jar;C:\Users\HP\.m2\repository\org\springframework\boot\spring-boot-actuator-autoconfigure\2.6.2\spring-boot-actuator-autoconfigure-2.6.2.jar;C:\Users\HP\.m2\repository\org\springframework\boot\spring-boot-actuator\2.6.2\spring-boot-actuator-2.6.2.jar;C:\Users\HP\.m2\repository\com\fasterxml\jackson\core\jackson-databind\2.13.1\jackson-databind-2.13.1.jar;C:\Users\HP\.m2\repository\com\fasterxml\jackson\datatype\jackson-datatype-jsr310\2.13.1\jackson-datatype-jsr310-2.13.1.jar;C:\Users\HP\.m2\repository\io\micrometer\micrometer-core\1.8.1\micrometer-core-1.8.1.jar;C:\Users\HP\.m2\repository\org\hdrhistogram\HdrHistogram\2.1.12\HdrHistogram-2.1.12.jar;C:\Users\HP\.m2\repository\org\latencyutils\LatencyUtils\2.0.3\LatencyUtils-2.0.3.jar;C:\Users\HP\.m2\repository\org\springframework\boot\spring-boot-starter-data-jpa\2.6.2\spring-boot-starter-data-jpa-2.6.2.jar;C:\Users\HP\.m2\repository\org\springframework
Launcher Type: SUN_STANDARD

[Global flags]
     intx CICompilerCount                          = 3                                         {product} {ergonomic}
     uint ConcGCThreads                            = 1                                         {product} {ergonomic}
     uint G1ConcRefinementThreads                  = 4                                         {product} {ergonomic}
   size_t G1HeapRegionSize                         = 1048576                                   {product} {ergonomic}
    uintx GCDrainStackTargetSize                   = 64                                        {product} {ergonomic}
   size_t InitialHeapSize                          = 65011712                                  {product} {ergonomic}
   size_t MarkStackSize                            = 4194304                                   {product} {ergonomic}
   size_t MaxHeapSize                              = 1040187392                                {product} {ergonomic}
   size_t MaxNewSize                               = 623902720                                 {product} {ergonomic}
   size_t MinHeapDeltaBytes                        = 1048576                                   {product} {ergonomic}
    uintx NonNMethodCodeHeapSize                   = 5830732                                {pd product} {ergonomic}
    uintx NonProfiledCodeHeapSize                  = 122913754                              {pd product} {ergonomic}
    uintx ProfiledCodeHeapSize                     = 122913754                              {pd product} {ergonomic}
    uintx ReservedCodeCacheSize                    = 251658240                              {pd product} {ergonomic}
     bool SegmentedCodeCache                       = true                                      {product} {ergonomic}
     bool UseCompressedClassPointers               = true                                 {lp64_product} {ergonomic}
     bool UseCompressedOops                        = true                                 {lp64_product} {ergonomic}
     bool UseG1GC                                  = true                                      {product} {ergonomic}
     bool UseLargePagesIndividualAllocation        = false                                  {pd product} {ergonomic}

Logging:
Log output configuration:
 #0: stdout all=warning uptime,level,tags
 #1: stderr all=off uptime,level,tags

Environment Variables:
PATH=C:\Program Files\Common Files\Oracle\Java\javapath;C:\WINDOWS\system32;C:\WINDOWS;C:\WINDOWS\System32\Wbem;C:\WINDOWS\System32\WindowsPowerShell\v1.0\;C:\WINDOWS\System32\OpenSSH\;C:\Program Files (x86)\nodejs\;C:\Program Files\Git\cmd;C:\Program Files\MySQL\MySQL Shell 8.0\bin\;C:\Users\HP\AppData\Local\Microsoft\WindowsApps;C:\Users\HP\AppData\Roaming\npm;C:\Users\HP\AppData\Local\Programs\Microsoft VS Code\bin
USERNAME=HP
OS=Windows_NT
PROCESSOR_IDENTIFIER=Intel64 Family 6 Model 142 Stepping 10, GenuineIntel



---------------  S Y S T E M  ---------------

OS: Windows 10 , 64 bit Build 22000 (10.0.22000.318)

CPU:total 4 (initial active 4) (2 cores per cpu, 2 threads per core) family 6 model 142 stepping 10 microcode 0xe0, cmov, cx8, fxsr, mmx, sse, sse2, sse3, ssse3, sse4.1, sse4.2, popcnt, aes, clmul, erms, 3dnowpref, lzcnt, ht, tsc, tscinvbit

Memory: 4k page, system-wide physical 3964M (44M free)
TotalPageFile size 16252M (AvailPageFile size 11M)
current process WorkingSet (physical memory assigned to process): 205M, peak: 205M
current process commit charge ("private bytes"): 285M, peak: 291M

vm_info: Java HotSpot(TM) 64-Bit Server VM (11.0.12+8-LTS-237) for windows-amd64 JRE (11.0.12+8-LTS-237), built on Jun  8 2021 11:25:59 by "mach5one" with MS VC++ 15.9 (VS2017)

END.
